2025-08-15 03:20:59 CST LOG:  database system was shut down at 2025-08-15 03:20:47 CST
2025-08-15 03:23:08 CST ERROR:  syntax error at or near "CREATE" at character 33
2025-08-15 03:23:08 CST STATEMENT:  CREATE DATABASE remittance_logs
	CREATE DATABASE remittance_logs;
2025-08-15 03:23:31 CST ERROR:  syntax error at or near "psql" at character 1
2025-08-15 03:23:31 CST STATEMENT:  psql -U postgres
	CREATE DATANASE remittance_logs;
2025-08-15 03:23:48 CST ERROR:  syntax error at or near "psql" at character 1
2025-08-15 03:23:48 CST STATEMENT:  psql --version
	psql -U postgres
	CREATE DATABASE remittance_logs;
2025-08-15 03:24:14 CST LOG:  could not receive data from client: An existing connection was forcibly closed by the remote host.
	
2025-08-15 03:25:59 CST LOG:  checkpoint starting: time
2025-08-15 03:28:01 CST LOG:  checkpoint complete: wrote 1068 buffers (6.5%); 0 WAL file(s) added, 0 removed, 0 recycled; write=117.131 s, sync=5.288 s, total=122.533 s; sync files=350, longest=0.325 s, average=0.016 s; distance=4997 kB, estimate=4997 kB; lsn=0/1A54468, redo lsn=0/1A543D8
2025-08-15 03:28:30 CST ERROR:  relation "transactions" does not exist at character 13
2025-08-15 03:28:30 CST STATEMENT:  INSERT INTO transactions (tx_type, from_address, to_address, from_currency, to_currency, sent_amount, converted_amount, fee, reference_id, timestamp, block_timestamp, tx_hash) VALUES ($1, $2, $3, $4, $5, $6, $7, $8, $9, $10, $11, $12)
2025-08-15 03:30:59 CST LOG:  checkpoint starting: time
2025-08-15 03:31:05 CST LOG:  checkpoint complete: wrote 48 buffers (0.3%); 0 WAL file(s) added, 0 removed, 0 recycled; write=5.131 s, sync=0.033 s, total=5.171 s; sync files=41, longest=0.001 s, average=0.001 s; distance=157 kB, estimate=4513 kB; lsn=0/1A7B938, redo lsn=0/1A7B8E0
2025-08-15 03:31:10 CST LOG:  could not receive data from client: An existing connection was forcibly closed by the remote host.
	
2025-08-15 03:35:59 CST LOG:  checkpoint starting: time
2025-08-15 03:36:00 CST LOG:  checkpoint complete: wrote 11 buffers (0.1%); 0 WAL file(s) added, 0 removed, 0 recycled; write=1.085 s, sync=0.008 s, total=1.101 s; sync files=9, longest=0.001 s, average=0.001 s; distance=8 kB, estimate=4062 kB; lsn=0/1A7DC98, redo lsn=0/1A7DC40
2025-08-15 03:37:35 CST LOG:  could not receive data from client: An existing connection was forcibly closed by the remote host.
	
2025-08-15 03:37:36 CST LOG:  could not receive data from client: An existing connection was forcibly closed by the remote host.
	
2025-08-15 03:50:59 CST LOG:  checkpoint starting: time
2025-08-15 03:50:59 CST LOG:  checkpoint complete: wrote 4 buffers (0.0%); 0 WAL file(s) added, 0 removed, 0 recycled; write=0.324 s, sync=0.005 s, total=0.336 s; sync files=4, longest=0.002 s, average=0.002 s; distance=1 kB, estimate=3656 kB; lsn=0/1A7E160, redo lsn=0/1A7E108
2025-08-15 03:55:59 CST LOG:  checkpoint starting: time
2025-08-15 03:55:59 CST LOG:  checkpoint complete: wrote 4 buffers (0.0%); 0 WAL file(s) added, 0 removed, 0 recycled; write=0.324 s, sync=0.005 s, total=0.338 s; sync files=4, longest=0.002 s, average=0.002 s; distance=1 kB, estimate=3291 kB; lsn=0/1A7E870, redo lsn=0/1A7E818
2025-08-15 04:02:46 CST LOG:  could not receive data from client: An existing connection was forcibly closed by the remote host.
	
2025-08-15 06:19:35 CST ERROR:  canceling statement due to user request
2025-08-15 06:19:35 CST LOG:  shutting down
2025-08-15 06:19:35 CST LOG:  checkpoint starting: shutdown immediate
2025-08-15 06:19:35 CST LOG:  checkpoint complete: wrote 0 buffers (0.0%); 0 WAL file(s) added, 0 removed, 0 recycled; write=0.001 s, sync=0.001 s, total=0.008 s; sync files=0, longest=0.000 s, average=0.000 s; distance=0 kB, estimate=2962 kB; lsn=0/1A7E920, redo lsn=0/1A7E920
